<?xml version="1.0" encoding="UTF-8"?>
<!-- Generated by org.testng.reporters.JUnitReportReporter -->
<testsuite hostname="DESKTOP-DDTAJ8U" failures="0" tests="4" name="BasicProject" time="25.026" errors="0" timestamp="2024-10-23T20:07:35 EET" skipped="0">
  <testcase classname="BasicProject" name="signUp" time="8.413"/>
  <system-out/>
  <testcase classname="BasicProject" name="Logout" time="5.635"/>
  <system-out/>
  <testcase classname="BasicProject" name="Login" time="1.050"/>
  <system-out/>
  <testcase classname="BasicProject" name="AddItemToTheCart" time="9.928"/>
  <system-out/>
</testsuite> <!-- BasicProject -->
